#
# There is insufficient memory for the Java Runtime Environment to continue.
# Native memory allocation (malloc) failed to allocate 1068976 bytes for Chunk::new
# Possible reasons:
#   The system is out of physical RAM or swap space
#   The process is running with CompressedOops enabled, and the Java Heap may be blocking the growth of the native heap
# Possible solutions:
#   Reduce memory load on the system
#   Increase physical memory or swap space
#   Check if swap backing store is full
#   Decrease Java heap size (-Xmx/-Xms)
#   Decrease number of Java threads
#   Decrease Java thread stack sizes (-Xss)
#   Set larger code cache with -XX:ReservedCodeCacheSize=
#   JVM is running with Unscaled Compressed Oops mode in which the Java heap is
#     placed in the first 4GB address space. The Java Heap base address is the
#     maximum limit for the native heap growth. Please use -XX:HeapBaseMinAddress
#     to set the Java Heap base and to place the Java Heap above 4GB virtual address.
# This output file may be truncated or incomplete.
#
#  Out of Memory Error (allocation.cpp:389), pid=29508, tid=0x00000000000033e8
#
# JRE version: OpenJDK Runtime Environment (8.0_202-b03) (build 1.8.0_202-release-1483-b03)
# Java VM: OpenJDK 64-Bit Server VM (25.202-b03 mixed mode windows-amd64 compressed oops)
# Failed to write core dump. Minidumps are not enabled by default on client versions of Windows
#

---------------  T H R E A D  ---------------

Current thread (0x0000000017bca800):  JavaThread "C2 CompilerThread2" daemon [_thread_in_native, id=13288, stack(0x0000000019420000,0x0000000019520000)]

Stack: [0x0000000019420000,0x0000000019520000]
[error occurred during error reporting (printing stack bounds), id 0xc0000005]

Native frames: (J=compiled Java code, j=interpreted, Vv=VM code, C=native code)


Current CompileTask:
C2:  69643 13632       4       org.gradle.internal.service.DefaultServiceRegistry$OwnServices$ProviderAnalyser::analyseType (78 bytes)


---------------  P R O C E S S  ---------------

Java Threads: ( => current thread )
  0x0000000020034800 JavaThread "Cache worker for file content cache (D:\Projects\ITESM\Noveno semestre\Proyecto de desarrollo\catalogueapp\.gradle\5.4.1\fileContent)" [_thread_blocked, id=27108, stack(0x0000000026360000,0x0000000026460000)]
  0x0000000020038000 JavaThread "Cache worker for Build Output Cleanup Cache (D:\Projects\ITESM\Noveno semestre\Proyecto de desarrollo\catalogueapp\.gradle\buildOutputCleanup)" [_thread_blocked, id=4356, stack(0x00000000259b0000,0x0000000025ab0000)]
  0x0000000020033800 JavaThread "Build operations Thread 12" [_thread_blocked, id=20456, stack(0x00000000238d0000,0x00000000239d0000)]
  0x0000000020037800 JavaThread "Build operations Thread 11" [_thread_blocked, id=22284, stack(0x00000000237d0000,0x00000000238d0000)]
  0x0000000020036000 JavaThread "Build operations Thread 10" [_thread_blocked, id=18632, stack(0x00000000236d0000,0x00000000237d0000)]
  0x0000000020036800 JavaThread "Build operations Thread 9" [_thread_blocked, id=24808, stack(0x00000000235d0000,0x00000000236d0000)]
  0x0000000020035000 JavaThread "Build operations Thread 8" [_thread_blocked, id=8152, stack(0x00000000234d0000,0x00000000235d0000)]
  0x0000000020197000 JavaThread "Build operations Thread 7" [_thread_blocked, id=10864, stack(0x00000000233d0000,0x00000000234d0000)]
  0x0000000020194000 JavaThread "Build operations Thread 6" [_thread_blocked, id=27560, stack(0x00000000232d0000,0x00000000233d0000)]
  0x0000000020195800 JavaThread "Build operations Thread 5" [_thread_blocked, id=28332, stack(0x00000000231d0000,0x00000000232d0000)]
  0x0000000020193000 JavaThread "Build operations Thread 4" [_thread_blocked, id=26324, stack(0x00000000230d0000,0x00000000231d0000)]
  0x0000000020191800 JavaThread "Build operations Thread 3" [_thread_blocked, id=13076, stack(0x0000000022fd0000,0x00000000230d0000)]
  0x000000002018a000 JavaThread "Build operations Thread 2" [_thread_blocked, id=4652, stack(0x0000000022ed0000,0x0000000022fd0000)]
  0x0000000020190000 JavaThread "Build operations" [_thread_blocked, id=16344, stack(0x0000000022930000,0x0000000022a30000)]
  0x0000000020188800 JavaThread "Cache worker for cache directory md-rule (C:\Users\yolti\.gradle\caches\5.4.1\md-rule)" [_thread_blocked, id=10744, stack(0x00000000226e0000,0x00000000227e0000)]
  0x000000002018d000 JavaThread "Cache worker for cache directory md-supplier (C:\Users\yolti\.gradle\caches\5.4.1\md-supplier)" [_thread_blocked, id=17956, stack(0x00000000225e0000,0x00000000226e0000)]
  0x0000000020188000 JavaThread "Cache worker for file hash cache (D:\Projects\ITESM\Noveno semestre\Proyecto de desarrollo\catalogueapp\.gradle\5.4.1\fileHashes)" [_thread_blocked, id=13248, stack(0x00000000222e0000,0x00000000223e0000)]
  0x0000000020189800 JavaThread "Thread-99" [_thread_blocked, id=27624, stack(0x000000001f9e0000,0x000000001fae0000)]
  0x000000002018b800 JavaThread "Stdin handler" [_thread_blocked, id=9484, stack(0x000000001c270000,0x000000001c370000)]
  0x000000002018c800 JavaThread "Asynchronous log dispatcher for DefaultDaemonConnection: socket connection from /127.0.0.1:59517 to /127.0.0.1:59583" [_thread_blocked, id=25952, stack(0x00000000008e0000,0x00000000009e0000)]
  0x000000002018b000 JavaThread "Cancel handler" [_thread_blocked, id=29144, stack(0x00000000007e0000,0x00000000008e0000)]
  0x000000002018e800 JavaThread "Handler for socket connection from /127.0.0.1:59517 to /127.0.0.1:59583" [_thread_in_native, id=3740, stack(0x00000000006e0000,0x00000000007e0000)]
  0x000000002003f000 JavaThread "Cache worker for Java compile cache (C:\Users\yolti\.gradle\caches\5.4.1\javaCompile)" [_thread_blocked, id=19716, stack(0x0000000028230000,0x0000000028330000)]
  0x000000002018f800 JavaThread "Cache worker for file content cache (C:\Users\yolti\.gradle\caches\5.4.1\fileContent)" [_thread_blocked, id=7412, stack(0x00000000258b0000,0x00000000259b0000)]
  0x0000000020196000 JavaThread "Memory manager" [_thread_blocked, id=21408, stack(0x00000000241d0000,0x00000000242d0000)]
  0x000000002018e000 JavaThread "Cache worker for execution history cache (C:\Users\yolti\.gradle\caches\5.4.1\executionHistory)" [_thread_blocked, id=8376, stack(0x0000000022830000,0x0000000022930000)]
  0x000000001af90000 JavaThread "Cache worker for journal cache (C:\Users\yolti\.gradle\caches\journal-1)" [_thread_blocked, id=15112, stack(0x000000001d540000,0x000000001d640000)]
  0x000000001af91000 JavaThread "File lock request listener" [_thread_in_native, id=9408, stack(0x000000001d440000,0x000000001d540000)]
  0x000000001af05000 JavaThread "Cache worker for file hash cache (C:\Users\yolti\.gradle\caches\5.4.1\fileHashes)" [_thread_blocked, id=13480, stack(0x000000001d340000,0x000000001d440000)]
  0x000000001accc800 JavaThread "Daemon worker" [_thread_in_Java, id=22856, stack(0x000000001bf70000,0x000000001c070000)]
  0x000000001ac01000 JavaThread "Daemon" [_thread_blocked, id=3744, stack(0x000000001b970000,0x000000001ba70000)]
  0x000000001ad53000 JavaThread "Daemon periodic checks" [_thread_blocked, id=13844, stack(0x000000001b870000,0x000000001b970000)]
  0x000000001ad60000 JavaThread "Incoming local TCP Connector on port 59517" [_thread_in_native, id=10200, stack(0x000000001b630000,0x000000001b730000)]
  0x000000001aaba800 JavaThread "Daemon health stats" [_thread_blocked, id=8996, stack(0x000000001aff0000,0x000000001b0f0000)]
  0x0000000017c57800 JavaThread "Service Thread" daemon [_thread_blocked, id=26264, stack(0x0000000019620000,0x0000000019720000)]
  0x0000000017bcb000 JavaThread "C1 CompilerThread3" daemon [_thread_in_vm, id=23448, stack(0x0000000019520000,0x0000000019620000)]
=>0x0000000017bca800 JavaThread "C2 CompilerThread2" daemon [_thread_in_native, id=13288, stack(0x0000000019420000,0x0000000019520000)]
  0x0000000017bc5800 JavaThread "C2 CompilerThread1" daemon [_thread_in_native, id=23172, stack(0x0000000019320000,0x0000000019420000)]
  0x0000000017bbf800 JavaThread "C2 CompilerThread0" daemon [_thread_in_native, id=7524, stack(0x0000000019220000,0x0000000019320000)]
  0x0000000017bbb000 JavaThread "Attach Listener" daemon [_thread_blocked, id=10036, stack(0x0000000019120000,0x0000000019220000)]
  0x0000000017bb9800 JavaThread "Signal Dispatcher" daemon [_thread_blocked, id=16328, stack(0x0000000019020000,0x0000000019120000)]
  0x000000000251a000 JavaThread "Finalizer" daemon [_thread_blocked, id=21540, stack(0x0000000018e20000,0x0000000018f20000)]
  0x0000000017bb3000 JavaThread "Reference Handler" daemon [_thread_blocked, id=1396, stack(0x0000000018d20000,0x0000000018e20000)]
  0x0000000002422800 JavaThread "main" [_thread_blocked, id=3496, stack(0x00000000022c0000,0x00000000023c0000)]

Other Threads:
  0x00000000164d6000 VMThread [stack: 0x0000000018c20000,0x0000000018d20000] [id=26492]
  0x0000000017c59000 WatcherThread [stack: 0x0000000019720000,0x0000000019820000] [id=26356]

VM state:not at safepoint (normal execution)

VM Mutex/Monitor currently owned by a thread: None

heap address: 0x00000000a0000000, size: 1536 MB, Compressed Oops mode: 32-bit
Narrow klass base: 0x0000000000000000, Narrow klass shift: 3
Compressed class space size: 1073741824 Address: 0x0000000100000000

Heap:
 PSYoungGen      total 271360K, used 191553K [0x00000000e0000000, 0x00000000f3d80000, 0x0000000100000000)
  eden space 232960K, 82% used [0x00000000e0000000,0x00000000ebb10690,0x00000000ee380000)
  from space 38400K, 0% used [0x00000000f0d80000,0x00000000f0d80000,0x00000000f3300000)
  to   space 43008K, 0% used [0x00000000ee380000,0x00000000ee380000,0x00000000f0d80000)
 ParOldGen       total 441344K, used 75353K [0x00000000a0000000, 0x00000000baf00000, 0x00000000e0000000)
  object space 441344K, 17% used [0x00000000a0000000,0x00000000a49964c8,0x00000000baf00000)
 Metaspace       used 94743K, capacity 97914K, committed 99352K, reserved 1134592K
  class space    used 12325K, capacity 12996K, committed 13352K, reserved 1048576K

Card table byte_map: [0x00000000118e0000,0x0000000011bf0000] byte_map_base: 0x00000000113e0000

Marking Bits: (ParMarkBitMap*) 0x000000006c1d9f30
 Begin Bits: [0x00000000127f0000, 0x0000000013ff0000)
 End Bits:   [0x0000000013ff0000, 0x00000000157f0000)

Polling page: 0x0000000000a70000

CodeCache: size=245760Kb used=37938Kb max_used=37938Kb free=207821Kb
 bounds [0x0000000002520000, 0x0000000004a90000, 0x0000000011520000]
 total_blobs=12238 nmethods=11387 adapters=764
 compilation: enabled

Compilation events (10 events):
Event: 69.641 Thread 0x0000000017bbf800 nmethod 13919 0x00000000038ada10 code [0x00000000038adb60, 0x00000000038adc58]
Event: 69.641 Thread 0x0000000017bc5800 nmethod 13920 0x00000000038ad6d0 code [0x00000000038ad820, 0x00000000038ad938]
Event: 69.641 Thread 0x0000000017bcb000 nmethod 13911 0x0000000002d2a450 code [0x0000000002d2a800, 0x0000000002d2c908]
Event: 69.641 Thread 0x0000000017bcb000 13912       3       org.gradle.internal.resolve.result.DefaultBuildableModuleComponentMetaDataResolveResult::resolved (18 bytes)
Event: 69.641 Thread 0x0000000017bcb000 nmethod 13912 0x00000000038aedd0 code [0x00000000038aef40, 0x00000000038af150]
Event: 69.641 Thread 0x0000000017bcb000 13913       3       org.gradle.api.internal.artifacts.ivyservice.ivyresolve.RepositoryChainModuleResolution::<init> (15 bytes)
Event: 69.641 Thread 0x0000000017bcb000 nmethod 13913 0x00000000038aea10 code [0x00000000038aeb60, 0x00000000038aed30]
Event: 69.641 Thread 0x0000000017bcb000 13914       3       org.gradle.internal.resolve.ResolveExceptionAnalyzer::hasCriticalFailure (40 bytes)
Event: 69.642 Thread 0x0000000017bcb000 nmethod 13914 0x0000000002d29350 code [0x0000000002d29560, 0x0000000002d2a0e8]
Event: 69.642 Thread 0x0000000017bcb000 13921       3       org.gradle.api.internal.artifacts.ivyservice.resolveengine.graph.builder.DefaultPendingDependenciesVisitor::complete (49 bytes)

GC Heap History (10 events):
Event: 6.971 GC heap before
{Heap before GC invocations=12 (full 3):
 PSYoungGen      total 218112K, used 200704K [0x00000000e0000000, 0x00000000ef100000, 0x0000000100000000)
  eden space 200704K, 100% used [0x00000000e0000000,0x00000000ec400000,0x00000000ec400000)
  from space 17408K, 0% used [0x00000000ed900000,0x00000000ed900000,0x00000000eea00000)
  to   space 21504K, 0% used [0x00000000ec400000,0x00000000ec400000,0x00000000ed900000)
 ParOldGen       total 275456K, used 35091K [0x00000000a0000000, 0x00000000b0d00000, 0x00000000e0000000)
  object space 275456K, 12% used [0x00000000a0000000,0x00000000a2244f10,0x00000000b0d00000)
 Metaspace       used 66056K, capacity 68732K, committed 68888K, reserved 1107968K
  class space    used 8871K, capacity 9409K, committed 9512K, reserved 1048576K
Event: 6.985 GC heap after
Heap after GC invocations=12 (full 3):
 PSYoungGen      total 222208K, used 21482K [0x00000000e0000000, 0x00000000f1400000, 0x0000000100000000)
  eden space 200704K, 0% used [0x00000000e0000000,0x00000000e0000000,0x00000000ec400000)
  from space 21504K, 99% used [0x00000000ec400000,0x00000000ed8faad0,0x00000000ed900000)
  to   space 27648K, 0% used [0x00000000ef900000,0x00000000ef900000,0x00000000f1400000)
 ParOldGen       total 275456K, used 43294K [0x00000000a0000000, 0x00000000b0d00000, 0x00000000e0000000)
  object space 275456K, 15% used [0x00000000a0000000,0x00000000a2a47860,0x00000000b0d00000)
 Metaspace       used 66056K, capacity 68732K, committed 68888K, reserved 1107968K
  class space    used 8871K, capacity 9409K, committed 9512K, reserved 1048576K
}
Event: 8.713 GC heap before
{Heap before GC invocations=13 (full 3):
 PSYoungGen      total 222208K, used 222186K [0x00000000e0000000, 0x00000000f1400000, 0x0000000100000000)
  eden space 200704K, 100% used [0x00000000e0000000,0x00000000ec400000,0x00000000ec400000)
  from space 21504K, 99% used [0x00000000ec400000,0x00000000ed8faad0,0x00000000ed900000)
  to   space 27648K, 0% used [0x00000000ef900000,0x00000000ef900000,0x00000000f1400000)
 ParOldGen       total 275456K, used 43294K [0x00000000a0000000, 0x00000000b0d00000, 0x00000000e0000000)
  object space 275456K, 15% used [0x00000000a0000000,0x00000000a2a47860,0x00000000b0d00000)
 Metaspace       used 73997K, capacity 76880K, committed 76952K, reserved 1116160K
  class space    used 9767K, capacity 10395K, committed 10408K, reserved 1048576K
Event: 8.740 GC heap after
Heap after GC invocations=13 (full 3):
 PSYoungGen      total 242176K, used 27647K [0x00000000e0000000, 0x00000000f2d80000, 0x0000000100000000)
  eden space 214528K, 0% used [0x00000000e0000000,0x00000000e0000000,0x00000000ed180000)
  from space 27648K, 99% used [0x00000000ef900000,0x00000000f13ffff8,0x00000000f1400000)
  to   space 40448K, 0% used [0x00000000ed180000,0x00000000ed180000,0x00000000ef900000)
 ParOldGen       total 275456K, used 68298K [0x00000000a0000000, 0x00000000b0d00000, 0x00000000e0000000)
  object space 275456K, 24% used [0x00000000a0000000,0x00000000a42b2a18,0x00000000b0d00000)
 Metaspace       used 73997K, capacity 76880K, committed 76952K, reserved 1116160K
  class space    used 9767K, capacity 10395K, committed 10408K, reserved 1048576K
}
Event: 58.170 GC heap before
{Heap before GC invocations=14 (full 3):
 PSYoungGen      total 242176K, used 242175K [0x00000000e0000000, 0x00000000f2d80000, 0x0000000100000000)
  eden space 214528K, 100% used [0x00000000e0000000,0x00000000ed180000,0x00000000ed180000)
  from space 27648K, 99% used [0x00000000ef900000,0x00000000f13ffff8,0x00000000f1400000)
  to   space 40448K, 0% used [0x00000000ed180000,0x00000000ed180000,0x00000000ef900000)
 ParOldGen       total 275456K, used 68298K [0x00000000a0000000, 0x00000000b0d00000, 0x00000000e0000000)
  object space 275456K, 24% used [0x00000000a0000000,0x00000000a42b2a18,0x00000000b0d00000)
 Metaspace       used 87948K, capacity 91980K, committed 92184K, reserved 1128448K
  class space    used 11740K, capacity 12543K, committed 12584K, reserved 1048576K
Event: 58.192 GC heap after
Heap after GC invocations=14 (full 3):
 PSYoungGen      total 254976K, used 18465K [0x00000000e0000000, 0x00000000f3300000, 0x0000000100000000)
  eden space 214528K, 0% used [0x00000000e0000000,0x00000000e0000000,0x00000000ed180000)
  from space 40448K, 45% used [0x00000000ed180000,0x00000000ee3885c0,0x00000000ef900000)
  to   space 38400K, 0% used [0x00000000f0d80000,0x00000000f0d80000,0x00000000f3300000)
 ParOldGen       total 275456K, used 94081K [0x00000000a0000000, 0x00000000b0d00000, 0x00000000e0000000)
  object space 275456K, 34% used [0x00000000a0000000,0x00000000a5be05d8,0x00000000b0d00000)
 Metaspace       used 87948K, capacity 91980K, committed 92184K, reserved 1128448K
  class space    used 11740K, capacity 12543K, committed 12584K, reserved 1048576K
}
Event: 59.430 GC heap before
{Heap before GC invocations=15 (full 3):
 PSYoungGen      total 254976K, used 170571K [0x00000000e0000000, 0x00000000f3300000, 0x0000000100000000)
  eden space 214528K, 70% used [0x00000000e0000000,0x00000000e948a960,0x00000000ed180000)
  from space 40448K, 45% used [0x00000000ed180000,0x00000000ee3885c0,0x00000000ef900000)
  to   space 38400K, 0% used [0x00000000f0d80000,0x00000000f0d80000,0x00000000f3300000)
 ParOldGen       total 275456K, used 94081K [0x00000000a0000000, 0x00000000b0d00000, 0x00000000e0000000)
  object space 275456K, 34% used [0x00000000a0000000,0x00000000a5be05d8,0x00000000b0d00000)
 Metaspace       used 94473K, capacity 98456K, committed 98584K, reserved 1134592K
  class space    used 12467K, capacity 13255K, committed 13352K, reserved 1048576K
Event: 59.447 GC heap after
Heap after GC invocations=15 (full 3):
 PSYoungGen      total 271360K, used 36282K [0x00000000e0000000, 0x00000000f3d80000, 0x0000000100000000)
  eden space 232960K, 0% used [0x00000000e0000000,0x00000000e0000000,0x00000000ee380000)
  from space 38400K, 94% used [0x00000000f0d80000,0x00000000f30ee948,0x00000000f3300000)
  to   space 43008K, 0% used [0x00000000ee380000,0x00000000ee380000,0x00000000f0d80000)
 ParOldGen       total 275456K, used 94089K [0x00000000a0000000, 0x00000000b0d00000, 0x00000000e0000000)
  object space 275456K, 34% used [0x00000000a0000000,0x00000000a5be25d8,0x00000000b0d00000)
 Metaspace       used 94473K, capacity 98456K, committed 98584K, reserved 1134592K
  class space    used 12467K, capacity 13255K, committed 13352K, reserved 1048576K
}
Event: 59.447 GC heap before
{Heap before GC invocations=16 (full 4):
 PSYoungGen      total 271360K, used 36282K [0x00000000e0000000, 0x00000000f3d80000, 0x0000000100000000)
  eden space 232960K, 0% used [0x00000000e0000000,0x00000000e0000000,0x00000000ee380000)
  from space 38400K, 94% used [0x00000000f0d80000,0x00000000f30ee948,0x00000000f3300000)
  to   space 43008K, 0% used [0x00000000ee380000,0x00000000ee380000,0x00000000f0d80000)
 ParOldGen       total 275456K, used 94089K [0x00000000a0000000, 0x00000000b0d00000, 0x00000000e0000000)
  object space 275456K, 34% used [0x00000000a0000000,0x00000000a5be25d8,0x00000000b0d00000)
 Metaspace       used 94473K, capacity 98456K, committed 98584K, reserved 1134592K
  class space    used 12467K, capacity 13255K, committed 13352K, reserved 1048576K
Event: 59.576 GC heap after
Heap after GC invocations=16 (full 4):
 PSYoungGen      total 271360K, used 0K [0x00000000e0000000, 0x00000000f3d80000, 0x0000000100000000)
  eden space 232960K, 0% used [0x00000000e0000000,0x00000000e0000000,0x00000000ee380000)
  from space 38400K, 0% used [0x00000000f0d80000,0x00000000f0d80000,0x00000000f3300000)
  to   space 43008K, 0% used [0x00000000ee380000,0x00000000ee380000,0x00000000f0d80000)
 ParOldGen       total 441344K, used 75353K [0x00000000a0000000, 0x00000000baf00000, 0x00000000e0000000)
  object space 441344K, 17% used [0x00000000a0000000,0x00000000a49964c8,0x00000000baf00000)
 Metaspace       used 93933K, capacity 96930K, committed 98584K, reserved 1134592K
  class space    used 12293K, capacity 12944K, committed 13352K, reserved 1048576K
}

Deoptimization events (10 events):
Event: 60.700 Thread 0x000000002018c800 Uncommon trap: reason=bimorphic action=maybe_recompile pc=0x0000000004a2864c method=java.util.Collections$SetFromMap.contains(Ljava/lang/Object;)Z @ 5
Event: 60.700 Thread 0x000000002018c800 Uncommon trap: reason=bimorphic action=maybe_recompile pc=0x0000000004a40048 method=java.util.Collections$SetFromMap.contains(Ljava/lang/Object;)Z @ 5
Event: 60.767 Thread 0x000000002018a000 Uncommon trap: reason=bimorphic action=maybe_recompile pc=0x00000000035dcd64 method=java.io.DataInputStream.readUnsignedShort()I @ 4
Event: 60.767 Thread 0x000000002018a000 Uncommon trap: reason=bimorphic action=maybe_recompile pc=0x00000000035dcd64 method=java.io.DataInputStream.readUnsignedShort()I @ 4
Event: 60.778 Thread 0x000000002018a000 Uncommon trap: reason=class_check action=maybe_recompile pc=0x0000000002a32838 method=java.util.zip.InflaterInputStream.read([BII)I @ 100
Event: 60.872 Thread 0x000000001accc800 Uncommon trap: reason=bimorphic action=maybe_recompile pc=0x00000000041a2bc4 method=java.util.HashMap.removeNode(ILjava/lang/Object;Ljava/lang/Object;ZZ)Ljava/util/HashMap$Node; @ 143
Event: 60.896 Thread 0x0000000024ffd000 Uncommon trap: reason=unstable_if action=reinterpret pc=0x00000000034b65a4 method=com.esotericsoftware.kryo.io.Input.require(I)I @ 180
Event: 69.408 Thread 0x000000002018b800 Uncommon trap: reason=unstable_if action=reinterpret pc=0x000000000440b2a8 method=org.gradle.internal.logging.sink.OutputEventRenderer.onOutput(Lorg/gradle/internal/logging/events/OutputEvent;)V @ 24
Event: 69.575 Thread 0x000000001accc800 Uncommon trap: reason=null_check action=make_not_entrant pc=0x00000000043e22d8 method=java.lang.ThreadLocal$ThreadLocalMap.getEntryAfterMiss(Ljava/lang/ThreadLocal;ILjava/lang/ThreadLocal$ThreadLocalMap$Entry;)Ljava/lang/ThreadLocal$ThreadLocalMap$Entry; 
Event: 69.576 Thread 0x000000001accc800 Uncommon trap: reason=null_check action=make_not_entrant pc=0x00000000030e7454 method=java.lang.ThreadLocal$ThreadLocalMap.getEntryAfterMiss(Ljava/lang/ThreadLocal;ILjava/lang/ThreadLocal$ThreadLocalMap$Entry;)Ljava/lang/ThreadLocal$ThreadLocalMap$Entry; 

Classes redefined (0 events):
No events

Internal exceptions (10 events):
Event: 59.592 Thread 0x000000002003b000 Exception <a 'java/lang/NullPointerException'> (0x00000000e00f6150) thrown at [D:\src\AOSP-openjdk-cygwin\jdk8u\hotspot\src\share\vm\interpreter\linkResolver.cpp, line 1185]
Event: 60.317 Thread 0x000000002003b000 Implicit null exception at 0x00000000041e54f1 to 0x00000000041e7699
Event: 60.422 Thread 0x000000002003c000 Implicit null exception at 0x00000000049c78ed to 0x00000000049c956d
Event: 60.440 Thread 0x000000002018b000 Exception <a 'sun/nio/fs/WindowsException'> (0x00000000e750f038) thrown at [D:\src\AOSP-openjdk-cygwin\jdk8u\hotspot\src\share\vm\prims\jni.cpp, line 710]
Event: 60.466 Thread 0x000000002018b000 Exception <a 'sun/nio/fs/WindowsException'> (0x00000000e7a53838) thrown at [D:\src\AOSP-openjdk-cygwin\jdk8u\hotspot\src\share\vm\prims\jni.cpp, line 710]
Event: 60.664 Thread 0x000000002018c800 Exception <a 'sun/nio/fs/WindowsException'> (0x00000000e85bf2a0) thrown at [D:\src\AOSP-openjdk-cygwin\jdk8u\hotspot\src\share\vm\prims\jni.cpp, line 710]
Event: 60.738 Thread 0x0000000020191800 Exception <a 'sun/nio/fs/WindowsException'> (0x00000000e964eb40) thrown at [D:\src\AOSP-openjdk-cygwin\jdk8u\hotspot\src\share\vm\prims\jni.cpp, line 710]
Event: 60.857 Thread 0x000000001accc800 Exception <a 'sun/nio/fs/WindowsException'> (0x00000000ea0989d8) thrown at [D:\src\AOSP-openjdk-cygwin\jdk8u\hotspot\src\share\vm\prims\jni.cpp, line 710]
Event: 69.575 Thread 0x000000001accc800 Implicit null exception at 0x00000000043e1e24 to 0x00000000043e22b9
Event: 69.576 Thread 0x000000001accc800 Implicit null exception at 0x00000000030e7383 to 0x00000000030e7431

Events (10 events):
Event: 69.537 Executing VM operation: RevokeBias
Event: 69.537 Executing VM operation: RevokeBias done
Event: 69.569 Thread 0x0000000020038000 Thread added: 0x0000000020038000
Event: 69.575 Thread 0x000000001accc800 Uncommon trap: trap_request=0xfffffff4 fr.pc=0x00000000043e22d8
Event: 69.575 Thread 0x000000001accc800 DEOPT PACKING pc=0x00000000043e22d8 sp=0x000000001c0697e0
Event: 69.575 Thread 0x000000001accc800 DEOPT UNPACKING pc=0x000000000256557b sp=0x000000001c069638 mode 2
Event: 69.576 Thread 0x000000001accc800 Uncommon trap: trap_request=0xfffffff4 fr.pc=0x00000000030e7454
Event: 69.576 Thread 0x000000001accc800 DEOPT PACKING pc=0x00000000030e7454 sp=0x000000001c068e20
Event: 69.576 Thread 0x000000001accc800 DEOPT UNPACKING pc=0x000000000256557b sp=0x000000001c068d30 mode 2
Event: 69.614 Thread 0x0000000020034800 Thread added: 0x0000000020034800


Dynamic libraries:
0x00007ff709730000 - 0x00007ff709761000 	D:\Program Files\Android\Android Studio\jre\bin\java.exe
0x00007ffac0840000 - 0x00007ffac0a30000 	C:\WINDOWS\SYSTEM32\ntdll.dll
0x00007ffabf310000 - 0x00007ffabf3c2000 	C:\WINDOWS\System32\KERNEL32.DLL
0x00007ffabe4f0000 - 0x00007ffabe793000 	C:\WINDOWS\System32\KERNELBASE.dll
0x00007ffabf5a0000 - 0x00007ffabf643000 	C:\WINDOWS\System32\ADVAPI32.dll
0x00007ffabf650000 - 0x00007ffabf6ee000 	C:\WINDOWS\System32\msvcrt.dll
0x00007ffabfa70000 - 0x00007ffabfb07000 	C:\WINDOWS\System32\sechost.dll
0x00007ffabef50000 - 0x00007ffabf070000 	C:\WINDOWS\System32\RPCRT4.dll
0x00007ffabf400000 - 0x00007ffabf594000 	C:\WINDOWS\System32\USER32.dll
0x00007ffabd7d0000 - 0x00007ffabd7f1000 	C:\WINDOWS\System32\win32u.dll
0x00007ffabf3d0000 - 0x00007ffabf3f6000 	C:\WINDOWS\System32\GDI32.dll
0x00007ffabe2f0000 - 0x00007ffabe484000 	C:\WINDOWS\System32\gdi32full.dll
0x00007ffabe0d0000 - 0x00007ffabe16e000 	C:\WINDOWS\System32\msvcp_win.dll
0x00007ffabd800000 - 0x00007ffabd8fa000 	C:\WINDOWS\System32\ucrtbase.dll
0x00007ffaae8c0000 - 0x00007ffaaeb45000 	C:\WINDOWS\WinSxS\amd64_microsoft.windows.common-controls_6595b64144ccf1df_6.0.18362.418_none_e6c6b287130d565d\COMCTL32.dll
0x00007ffac04c0000 - 0x00007ffac07f6000 	C:\WINDOWS\System32\combase.dll
0x00007ffabe270000 - 0x00007ffabe2f0000 	C:\WINDOWS\System32\bcryptPrimitives.dll
0x00007ffac0330000 - 0x00007ffac035e000 	C:\WINDOWS\System32\IMM32.DLL
0x000000006b850000 - 0x000000006b922000 	D:\Program Files\Android\Android Studio\jre\jre\bin\msvcr100.dll
0x000000006ba10000 - 0x000000006c256000 	D:\Program Files\Android\Android Studio\jre\jre\bin\server\jvm.dll
0x00007ffabf160000 - 0x00007ffabf168000 	C:\WINDOWS\System32\PSAPI.DLL
0x00007ffaa6eb0000 - 0x00007ffaa6eb9000 	C:\WINDOWS\SYSTEM32\WSOCK32.dll
0x00007ffab75f0000 - 0x00007ffab7614000 	C:\WINDOWS\SYSTEM32\WINMM.dll
0x00007ffab68c0000 - 0x00007ffab68ca000 	C:\WINDOWS\SYSTEM32\VERSION.dll
0x00007ffabf170000 - 0x00007ffabf1df000 	C:\WINDOWS\System32\WS2_32.dll
0x00007ffab7e90000 - 0x00007ffab7ebd000 	C:\WINDOWS\SYSTEM32\WINMMBASE.dll
0x00007ffabe080000 - 0x00007ffabe0ca000 	C:\WINDOWS\System32\cfgmgr32.dll
0x00007ffab7220000 - 0x00007ffab722f000 	D:\Program Files\Android\Android Studio\jre\jre\bin\verify.dll
0x00007ffaac110000 - 0x00007ffaac139000 	D:\Program Files\Android\Android Studio\jre\jre\bin\java.dll
0x00007ffaabfc0000 - 0x00007ffaabfd6000 	D:\Program Files\Android\Android Studio\jre\jre\bin\zip.dll
0x00007ffabfb10000 - 0x00007ffac01f5000 	C:\WINDOWS\System32\SHELL32.dll
0x00007ffabed60000 - 0x00007ffabee09000 	C:\WINDOWS\System32\shcore.dll
0x00007ffabd900000 - 0x00007ffabe07f000 	C:\WINDOWS\System32\windows.storage.dll
0x00007ffabd740000 - 0x00007ffabd75f000 	C:\WINDOWS\System32\profapi.dll
0x00007ffabd780000 - 0x00007ffabd7ca000 	C:\WINDOWS\System32\powrprof.dll
0x00007ffabd710000 - 0x00007ffabd720000 	C:\WINDOWS\System32\UMPDC.dll
0x00007ffabf750000 - 0x00007ffabf7a2000 	C:\WINDOWS\System32\shlwapi.dll
0x00007ffabd720000 - 0x00007ffabd731000 	C:\WINDOWS\System32\kernel.appcore.dll
0x00007ffabe1a0000 - 0x00007ffabe1b7000 	C:\WINDOWS\System32\cryptsp.dll
0x00007ffaabf80000 - 0x00007ffaabf9a000 	D:\Program Files\Android\Android Studio\jre\jre\bin\net.dll
0x00007ffabcf80000 - 0x00007ffabcfe7000 	C:\WINDOWS\system32\mswsock.dll
0x00007ffaabf60000 - 0x00007ffaabf71000 	D:\Program Files\Android\Android Studio\jre\jre\bin\nio.dll
0x00007ffab7b30000 - 0x00007ffab7b56000 	C:\Users\yolti\.gradle\native\29\windows-amd64\native-platform.dll
0x00007ffab6430000 - 0x00007ffab643d000 	D:\Program Files\Android\Android Studio\jre\jre\bin\management.dll
0x00007ffabcaf0000 - 0x00007ffabcb23000 	C:\WINDOWS\system32\rsaenh.dll
0x00007ffabe170000 - 0x00007ffabe196000 	C:\WINDOWS\System32\bcrypt.dll
0x00007ffabd630000 - 0x00007ffabd655000 	C:\WINDOWS\SYSTEM32\USERENV.dll
0x00007ffabd150000 - 0x00007ffabd15c000 	C:\WINDOWS\SYSTEM32\CRYPTBASE.dll
0x00007ffabcc90000 - 0x00007ffabccca000 	C:\WINDOWS\SYSTEM32\IPHLPAPI.DLL
0x00007ffabf7b0000 - 0x00007ffabf7b8000 	C:\WINDOWS\System32\NSI.dll
0x00007ffab6980000 - 0x00007ffab6996000 	C:\WINDOWS\SYSTEM32\dhcpcsvc6.DLL
0x00007ffab6930000 - 0x00007ffab694c000 	C:\WINDOWS\SYSTEM32\dhcpcsvc.DLL
0x00007ffabccd0000 - 0x00007ffabcd9a000 	C:\WINDOWS\SYSTEM32\DNSAPI.dll
0x0000000029970000 - 0x0000000029a73000 	C:\Users\yolti\AppData\Local\Temp\room-b517a11c-4169-411b-84a4-c554d2045bed\sqlite-3.25.2-0bce58bd-25f4-42f1-b696-c4ab14d78c82-sqlitejdbc.dll

VM Arguments:
jvm_args: -Xmx1536m -Dfile.encoding=windows-1252 -Duser.country=US -Duser.language=en -Duser.variant 
java_command: org.gradle.launcher.daemon.bootstrap.GradleDaemon 5.4.1
java_class_path (initial): C:\Users\yolti\.gradle\wrapper\dists\gradle-5.4.1-all\3221gyojl5jsh0helicew7rwx\gradle-5.4.1\lib\gradle-launcher-5.4.1.jar
Launcher Type: SUN_STANDARD

Environment Variables:
JAVA_HOME=C:\Program Files\Java\jdk1.8.0_221
JRE_HOME=C:\Program Files\Java\jdk1.8.0_221\jre
CLASSPATH=C:\Program Files\struts-2.3.37\lib
PATH=C:\WINDOWS\system32;D:\Users\yolti\AppData\Local\Programs\Python\Python37\Scripts\;D:\Users\yolti\AppData\Local\Programs\Python\Python37\;C:\Program Files (x86)\Razer Chroma SDK\bin;C:\Program Files\Razer Chroma SDK\bin;C:\Windows\system32;C:\Windows;C:\Windows\System32\Wbem;C:\Windows\System32\WindowsPowerShell\v1.0\;C:\Program Files (x86)\NVIDIA Corporation\PhysX\Common;D:\Program Files\nodejs\;C:\Users\yolti\AppData\Local\Android\platforms;C:\Users\yolti\AppData\Local\Android\platform-tools;D:\Program Files (x86)\Brackets\command;D:\Program Files\MATLAB\R2019b\runtime\win64;D:\Program Files\MATLAB\R2019b\bin;D:\Program Files\MATLAB\R2018b\bin;C:\Program Files (x86)\Wolfram Research\WolframScript\;C:\WINDOWS\system32\config\systemprofile\AppData\Local\Microsoft\WindowsApps;C:\WINDOWS\system32;C:\WINDOWS;C:\WINDOWS\System32\Wbem;C:\WINDOWS\System32\WindowsPowerShell\v1.0\;C:\WINDOWS\System32\OpenSSH\;D:\Program Files\Git\cmd;D:\Program Files (x86)\QuickTime\QTSystem\;C:\Program Files\Intel\WiFi\bin\;C:\Program Files\Common Files\Intel\WirelessCommon\;C:\Program Files\PuTTY\;C:\Program Files (x86)\Firebird\Firebird_2_5\bin\;C:\Program Files\Java\jdk1.8.0_221;C:\Program Files (x86)\Intel\Intel(R) Management Engine Components\DAL;C:\Program Files\Intel\Intel(R) Management Engine Components\DAL;D:\Program Files\apache-maven-3.6.1\bin;C:\Program Files\Java\jdk1.8.0_221\jre;C:\WINDOWS;C:\WINDOWS\System32\Wbem;C:\WINDOWS\System32\WindowsPowerShell\v1.0\;C:\WINDOWS\System32\OpenSSH\;C:\Program Files\NVIDIA Corporation\NVIDIA NvDLISR;C:\Program Files\MySQL\MySQL Shell 8.0\bin\;D:\Users\yolti\AppData\Local\Programs\Microsoft VS Code\bin;C:\Users\yolti\AppData\Local\atom\bin;C:\Users\yolti\AppData\Local\GitHubDesktop\bin
USERNAME=Yoltic Cegal
OS=Windows_NT
PROCESSOR_IDENTIFIER=Intel64 Family 6 Model 158 Stepping 10, GenuineIntel



---------------  S Y S T E M  ---------------

OS: Windows 10.0 , 64 bit Build 18362 (10.0.18362.329)

CPU:total 12 (initial active 12) (6 cores per cpu, 2 threads per core) family 6 model 158 stepping 10, cmov, cx8, fxsr, mmx, sse, sse2, sse3, ssse3, sse4.1, sse4.2, popcnt, avx, avx2, aes, clmul, erms, 3dnowpref, lzcnt, ht, tsc, tscinvbit, bmi1, bmi2, adx

Memory: 4k page, physical 16566556k(3315904k free), swap 21809436k(3304k free)

vm_info: OpenJDK 64-Bit Server VM (25.202-b03) for windows-amd64 JRE (1.8.0_202-release-1483-b03), built by "builder" with MS VC++ 10.0 (VS2010)

time: Fri Oct 25 19:23:32 2019
timezone: Central Daylight Time (Mexico)
elapsed time: 69 seconds (0d 0h 1m 9s)

