#
# There is insufficient memory for the Java Runtime Environment to continue.
# Native memory allocation (malloc) failed to allocate 1871056 bytes for Chunk::new
# Possible reasons:
#   The system is out of physical RAM or swap space
#   The process is running with CompressedOops enabled, and the Java Heap may be blocking the growth of the native heap
# Possible solutions:
#   Reduce memory load on the system
#   Increase physical memory or swap space
#   Check if swap backing store is full
#   Decrease Java heap size (-Xmx/-Xms)
#   Decrease number of Java threads
#   Decrease Java thread stack sizes (-Xss)
#   Set larger code cache with -XX:ReservedCodeCacheSize=
#   JVM is running with Unscaled Compressed Oops mode in which the Java heap is
#     placed in the first 4GB address space. The Java Heap base address is the
#     maximum limit for the native heap growth. Please use -XX:HeapBaseMinAddress
#     to set the Java Heap base and to place the Java Heap above 4GB virtual address.
# This output file may be truncated or incomplete.
#
#  Out of Memory Error (allocation.cpp:389), pid=21604, tid=0x0000000000007394
#
# JRE version: OpenJDK Runtime Environment (8.0_202-b03) (build 1.8.0_202-release-1483-b03)
# Java VM: OpenJDK 64-Bit Server VM (25.202-b03 mixed mode windows-amd64 compressed oops)
# Failed to write core dump. Minidumps are not enabled by default on client versions of Windows
#

---------------  T H R E A D  ---------------

Current thread (0x00000000182cf800):  JavaThread "C2 CompilerThread0" daemon [_thread_in_native, id=29588, stack(0x0000000019920000,0x0000000019a20000)]

Stack: [0x0000000019920000,0x0000000019a20000]
[error occurred during error reporting (printing stack bounds), id 0xc0000005]

Native frames: (J=compiled Java code, j=interpreted, Vv=VM code, C=native code)


Current CompileTask:
C2: 295177 17147       4       org.antlr.v4.runtime.atn.ParserATNSimulator::closureCheckingStopState (244 bytes)


---------------  P R O C E S S  ---------------

Java Threads: ( => current thread )
  0x0000000028216800 JavaThread "Cache worker for Java compile cache (D:\Projects\ITESM\Noveno semestre\Proyecto de desarrollo\catalogueapp\.gradle\5.4.1\javaCompile)" [_thread_blocked, id=24128, stack(0x0000000027190000,0x0000000027290000)]
  0x000000002821a000 JavaThread "Cache worker for execution history cache (D:\Projects\ITESM\Noveno semestre\Proyecto de desarrollo\catalogueapp\.gradle\5.4.1\executionHistory)" [_thread_blocked, id=25008, stack(0x0000000027090000,0x0000000027190000)]
  0x0000000022a5e800 JavaThread "Execution worker for ':' Thread 11" [_thread_in_native, id=7436, stack(0x0000000026f90000,0x0000000027090000)]
  0x0000000022a5d000 JavaThread "Execution worker for ':' Thread 10" [_thread_blocked, id=8976, stack(0x0000000026e90000,0x0000000026f90000)]
  0x0000000022a5d800 JavaThread "Execution worker for ':' Thread 9" [_thread_blocked, id=10688, stack(0x0000000026d90000,0x0000000026e90000)]
  0x0000000022a5c000 JavaThread "Execution worker for ':' Thread 8" [_thread_blocked, id=12064, stack(0x0000000026c90000,0x0000000026d90000)]
  0x0000000022a54800 JavaThread "Execution worker for ':' Thread 7" [_thread_blocked, id=9676, stack(0x0000000026a90000,0x0000000026b90000)]
  0x0000000022a5b800 JavaThread "Execution worker for ':' Thread 6" [_thread_blocked, id=27832, stack(0x0000000026990000,0x0000000026a90000)]
  0x0000000022a5a800 JavaThread "Execution worker for ':' Thread 5" [_thread_blocked, id=12072, stack(0x0000000026890000,0x0000000026990000)]
  0x0000000022a59800 JavaThread "Execution worker for ':' Thread 4" [_thread_blocked, id=2968, stack(0x0000000026790000,0x0000000026890000)]
  0x0000000022a56000 JavaThread "Execution worker for ':' Thread 3" [_thread_blocked, id=2056, stack(0x0000000026690000,0x0000000026790000)]
  0x0000000022a53800 JavaThread "Execution worker for ':' Thread 2" [_thread_blocked, id=27816, stack(0x0000000026590000,0x0000000026690000)]
  0x0000000022a50800 JavaThread "Execution worker for ':'" [_thread_blocked, id=24156, stack(0x0000000026490000,0x0000000026590000)]
  0x0000000022a57800 JavaThread "Cache worker for file content cache (D:\Projects\ITESM\Noveno semestre\Proyecto de desarrollo\catalogueapp\.gradle\5.4.1\fileContent)" [_thread_blocked, id=13492, stack(0x0000000026290000,0x0000000026390000)]
  0x0000000022a50000 JavaThread "Cache worker for Build Output Cleanup Cache (D:\Projects\ITESM\Noveno semestre\Proyecto de desarrollo\catalogueapp\.gradle\buildOutputCleanup)" [_thread_blocked, id=17316, stack(0x0000000026190000,0x0000000026290000)]
  0x0000000022a55000 JavaThread "Build operations Thread 12" [_thread_blocked, id=29216, stack(0x0000000024790000,0x0000000024890000)]
  0x0000000022a53000 JavaThread "Build operations Thread 11" [_thread_blocked, id=24968, stack(0x0000000024480000,0x0000000024580000)]
  0x0000000022a56800 JavaThread "Build operations Thread 10" [_thread_blocked, id=22652, stack(0x0000000024380000,0x0000000024480000)]
  0x0000000022a52000 JavaThread "Build operations Thread 9" [_thread_blocked, id=28772, stack(0x0000000024280000,0x0000000024380000)]
  0x0000000022a4f000 JavaThread "Build operations Thread 8" [_thread_blocked, id=28268, stack(0x0000000024180000,0x0000000024280000)]
  0x0000000022a51800 JavaThread "Build operations Thread 7" [_thread_blocked, id=16164, stack(0x0000000024080000,0x0000000024180000)]
  0x000000001eada800 JavaThread "Build operations Thread 6" [_thread_blocked, id=28768, stack(0x0000000023f80000,0x0000000024080000)]
  0x000000001ead6800 JavaThread "Build operations Thread 5" [_thread_blocked, id=26112, stack(0x0000000023e80000,0x0000000023f80000)]
  0x000000001ead7800 JavaThread "Build operations Thread 4" [_thread_blocked, id=28000, stack(0x0000000023d80000,0x0000000023e80000)]
  0x000000001ead6000 JavaThread "Build operations Thread 3" [_thread_blocked, id=11820, stack(0x0000000023c80000,0x0000000023d80000)]
  0x000000001ead9800 JavaThread "Build operations Thread 2" [_thread_blocked, id=29660, stack(0x0000000023780000,0x0000000023880000)]
  0x000000001ead9000 JavaThread "Build operations" [_thread_blocked, id=25688, stack(0x0000000023680000,0x0000000023780000)]
  0x000000001ead5000 JavaThread "Cache worker for cache directory md-rule (C:\Users\yolti\.gradle\caches\5.4.1\md-rule)" [_thread_blocked, id=28120, stack(0x0000000023580000,0x0000000023680000)]
  0x000000001eacd800 JavaThread "Cache worker for cache directory md-supplier (C:\Users\yolti\.gradle\caches\5.4.1\md-supplier)" [_thread_blocked, id=7864, stack(0x00000000207d0000,0x00000000208d0000)]
  0x000000001eacd000 JavaThread "Cache worker for file hash cache (D:\Projects\ITESM\Noveno semestre\Proyecto de desarrollo\catalogueapp\.gradle\5.4.1\fileHashes)" [_thread_blocked, id=11688, stack(0x00000000206d0000,0x00000000207d0000)]
  0x000000001ead3800 JavaThread "Thread-181" [_thread_blocked, id=16264, stack(0x00000000201d0000,0x00000000202d0000)]
  0x000000001eacc000 JavaThread "Stdin handler" [_thread_blocked, id=27100, stack(0x000000001ca60000,0x000000001cb60000)]
  0x000000001ead3000 JavaThread "Asynchronous log dispatcher for DefaultDaemonConnection: socket connection from /127.0.0.1:59401 to /127.0.0.1:59511" [_thread_blocked, id=13168, stack(0x000000001c760000,0x000000001c860000)]
  0x000000001eacb800 JavaThread "Daemon worker Thread 4" [_thread_blocked, id=26084, stack(0x000000001c560000,0x000000001c660000)]
  0x000000001ead0000 JavaThread "Cancel handler" [_thread_blocked, id=26548, stack(0x000000001c160000,0x000000001c260000)]
  0x000000001ead2000 JavaThread "Handler for socket connection from /127.0.0.1:59401 to /127.0.0.1:59511" [_thread_in_native, id=15224, stack(0x0000000000f90000,0x0000000001090000)]
  0x000000001eace800 JavaThread "Daemon Thread 4" [_thread_blocked, id=21620, stack(0x0000000000d90000,0x0000000000e90000)]
  0x000000001b708000 JavaThread "Cache worker for Java compile cache (C:\Users\yolti\.gradle\caches\5.4.1\javaCompile)" [_thread_blocked, id=6108, stack(0x0000000027290000,0x0000000027390000)]
  0x000000001ead1800 JavaThread "Cache worker for file content cache (C:\Users\yolti\.gradle\caches\5.4.1\fileContent)" [_thread_blocked, id=9240, stack(0x0000000026390000,0x0000000026490000)]
  0x000000001ead4800 JavaThread "Memory manager" [_thread_blocked, id=13940, stack(0x0000000025490000,0x0000000025590000)]
  0x000000001b709800 JavaThread "Cache worker for execution history cache (C:\Users\yolti\.gradle\caches\5.4.1\executionHistory)" [_thread_blocked, id=4680, stack(0x0000000022000000,0x0000000022100000)]
  0x000000001b704800 JavaThread "Cache worker for journal cache (C:\Users\yolti\.gradle\caches\journal-1)" [_thread_blocked, id=28904, stack(0x000000001dd30000,0x000000001de30000)]
  0x000000001b709000 JavaThread "File lock request listener" [_thread_in_native, id=8732, stack(0x000000001dc30000,0x000000001dd30000)]
  0x000000001b8b4000 JavaThread "Cache worker for file hash cache (C:\Users\yolti\.gradle\caches\5.4.1\fileHashes)" [_thread_blocked, id=21792, stack(0x000000001db30000,0x000000001dc30000)]
  0x000000001b83f000 JavaThread "Daemon periodic checks" [_thread_blocked, id=27644, stack(0x000000001c060000,0x000000001c160000)]
  0x000000001b815800 JavaThread "Incoming local TCP Connector on port 59401" [_thread_in_native, id=2304, stack(0x000000001be20000,0x000000001bf20000)]
  0x000000001b412800 JavaThread "Daemon health stats" [_thread_blocked, id=26216, stack(0x0000000019f20000,0x000000001a020000)]
  0x0000000018368000 JavaThread "Service Thread" daemon [_thread_blocked, id=15884, stack(0x0000000019d20000,0x0000000019e20000)]
  0x00000000182db000 JavaThread "C1 CompilerThread3" daemon [_thread_blocked, id=20540, stack(0x0000000019c20000,0x0000000019d20000)]
  0x00000000182da800 JavaThread "C2 CompilerThread2" daemon [_thread_in_native, id=28436, stack(0x0000000019b20000,0x0000000019c20000)]
  0x00000000182d5800 JavaThread "C2 CompilerThread1" daemon [_thread_in_native, id=23708, stack(0x0000000019a20000,0x0000000019b20000)]
=>0x00000000182cf800 JavaThread "C2 CompilerThread0" daemon [_thread_in_native, id=29588, stack(0x0000000019920000,0x0000000019a20000)]
  0x00000000182cb000 JavaThread "Attach Listener" daemon [_thread_blocked, id=25968, stack(0x0000000019820000,0x0000000019920000)]
  0x00000000182c9800 JavaThread "Signal Dispatcher" daemon [_thread_blocked, id=20948, stack(0x0000000019720000,0x0000000019820000)]
  0x0000000002c3a000 JavaThread "Finalizer" daemon [_thread_blocked, id=27920, stack(0x0000000019520000,0x0000000019620000)]
  0x00000000182c3000 JavaThread "Reference Handler" daemon [_thread_blocked, id=27284, stack(0x0000000019420000,0x0000000019520000)]
  0x0000000002b42800 JavaThread "main" [_thread_blocked, id=21596, stack(0x0000000002a40000,0x0000000002b40000)]

Other Threads:
  0x0000000016bf6000 VMThread [stack: 0x0000000019320000,0x0000000019420000] [id=8140]
  0x0000000018369800 WatcherThread [stack: 0x0000000019e20000,0x0000000019f20000] [id=11964]

VM state:not at safepoint (normal execution)

VM Mutex/Monitor currently owned by a thread: None

heap address: 0x00000000a0000000, size: 1536 MB, Compressed Oops mode: 32-bit
Narrow klass base: 0x0000000000000000, Narrow klass shift: 3
Compressed class space size: 1073741824 Address: 0x0000000100000000

Heap:
 PSYoungGen      total 244736K, used 130155K [0x00000000e0000000, 0x00000000f2e80000, 0x0000000100000000)
  eden space 184832K, 49% used [0x00000000e0000000,0x00000000e59f94e0,0x00000000eb480000)
  from space 59904K, 63% used [0x00000000ef400000,0x00000000f19218e8,0x00000000f2e80000)
  to   space 62464K, 0% used [0x00000000eb480000,0x00000000eb480000,0x00000000ef180000)
 ParOldGen       total 452608K, used 73776K [0x00000000a0000000, 0x00000000bba00000, 0x00000000e0000000)
  object space 452608K, 16% used [0x00000000a0000000,0x00000000a480c320,0x00000000bba00000)
 Metaspace       used 112379K, capacity 116504K, committed 117760K, reserved 1150976K
  class space    used 14326K, capacity 15101K, committed 15360K, reserved 1048576K

Card table byte_map: [0x0000000012000000,0x0000000012310000] byte_map_base: 0x0000000011b00000

Marking Bits: (ParMarkBitMap*) 0x000000006c1d9f30
 Begin Bits: [0x0000000012f10000, 0x0000000014710000)
 End Bits:   [0x0000000014710000, 0x0000000015f10000)

Polling page: 0x00000000007d0000

CodeCache: size=245760Kb used=46519Kb max_used=46531Kb free=199240Kb
 bounds [0x0000000002c40000, 0x00000000059f0000, 0x0000000011c40000]
 total_blobs=14719 nmethods=13861 adapters=770
 compilation: enabled

Compilation events (10 events):
Event: 295.146 Thread 0x00000000182da800 nmethod 17212 0x00000000059de350 code [0x00000000059de4c0, 0x00000000059de798]
Event: 295.152 Thread 0x00000000182da800 17213       4       com.sun.tools.javac.jvm.ClassReader$15::read (9 bytes)
Event: 295.155 Thread 0x00000000182db000 17214       3       com.sun.tools.javac.jvm.ClassReader$AnnotationDefaultCompleter::<init> (32 bytes)
Event: 295.155 Thread 0x00000000182db000 nmethod 17214 0x00000000059ddf10 code [0x00000000059de080, 0x00000000059de288]
Event: 295.161 Thread 0x00000000182da800 nmethod 17213 0x00000000059e8450 code [0x00000000059e8640, 0x00000000059e8e48]
Event: 295.161 Thread 0x00000000182da800 17215       4       com.sun.tools.javac.tree.TreeInfo::name (73 bytes)
Event: 295.163 Thread 0x00000000182da800 nmethod 17215 0x00000000059e9e50 code [0x00000000059e9fc0, 0x00000000059ea128]
Event: 295.163 Thread 0x00000000182da800 17216       4       com.sun.tools.javac.comp.Resolve::findIdent (130 bytes)
Event: 295.166 Thread 0x00000000182da800 nmethod 17216 0x00000000059eb2d0 code [0x00000000059eb460, 0x00000000059eb788]
Event: 295.166 Thread 0x00000000182da800 17217       4       com.sun.tools.javac.comp.Attr::checkIdInternal (680 bytes)

GC Heap History (10 events):
Event: 92.239 GC heap before
{Heap before GC invocations=20 (full 4):
 PSYoungGen      total 205312K, used 49633K [0x00000000e0000000, 0x00000000f2080000, 0x0000000100000000)
  eden space 155648K, 0% used [0x00000000e0000000,0x00000000e0000000,0x00000000e9800000)
  from space 49664K, 99% used [0x00000000ed400000,0x00000000f0478710,0x00000000f0480000)
  to   space 61440K, 0% used [0x00000000e9800000,0x00000000e9800000,0x00000000ed400000)
 ParOldGen       total 294912K, used 82781K [0x00000000a0000000, 0x00000000b2000000, 0x00000000e0000000)
  object space 294912K, 28% used [0x00000000a0000000,0x00000000a50d75c8,0x00000000b2000000)
 Metaspace       used 93671K, capacity 98344K, committed 98496K, reserved 1134592K
  class space    used 12362K, capacity 13219K, committed 13312K, reserved 1048576K
Event: 92.386 GC heap after
Heap after GC invocations=20 (full 4):
 PSYoungGen      total 205312K, used 0K [0x00000000e0000000, 0x00000000f2080000, 0x0000000100000000)
  eden space 155648K, 0% used [0x00000000e0000000,0x00000000e0000000,0x00000000e9800000)
  from space 49664K, 0% used [0x00000000ed400000,0x00000000ed400000,0x00000000f0480000)
  to   space 61440K, 0% used [0x00000000e9800000,0x00000000e9800000,0x00000000ed400000)
 ParOldGen       total 452608K, used 73744K [0x00000000a0000000, 0x00000000bba00000, 0x00000000e0000000)
  object space 452608K, 16% used [0x00000000a0000000,0x00000000a4804320,0x00000000bba00000)
 Metaspace       used 93190K, capacity 96964K, committed 98496K, reserved 1134592K
  class space    used 12207K, capacity 12945K, committed 13312K, reserved 1048576K
}
Event: 93.714 GC heap before
{Heap before GC invocations=21 (full 4):
 PSYoungGen      total 205312K, used 155648K [0x00000000e0000000, 0x00000000f2080000, 0x0000000100000000)
  eden space 155648K, 100% used [0x00000000e0000000,0x00000000e9800000,0x00000000e9800000)
  from space 49664K, 0% used [0x00000000ed400000,0x00000000ed400000,0x00000000f0480000)
  to   space 61440K, 0% used [0x00000000e9800000,0x00000000e9800000,0x00000000ed400000)
 ParOldGen       total 452608K, used 73744K [0x00000000a0000000, 0x00000000bba00000, 0x00000000e0000000)
  object space 452608K, 16% used [0x00000000a0000000,0x00000000a4804320,0x00000000bba00000)
 Metaspace       used 98612K, capacity 102404K, committed 104064K, reserved 1138688K
  class space    used 12862K, capacity 13585K, committed 13952K, reserved 1048576K
Event: 93.727 GC heap after
Heap after GC invocations=21 (full 4):
 PSYoungGen      total 217088K, used 29922K [0x00000000e0000000, 0x00000000f1f00000, 0x0000000100000000)
  eden space 155648K, 0% used [0x00000000e0000000,0x00000000e0000000,0x00000000e9800000)
  from space 61440K, 48% used [0x00000000e9800000,0x00000000eb538ac0,0x00000000ed400000)
  to   space 59904K, 0% used [0x00000000ee480000,0x00000000ee480000,0x00000000f1f00000)
 ParOldGen       total 452608K, used 73752K [0x00000000a0000000, 0x00000000bba00000, 0x00000000e0000000)
  object space 452608K, 16% used [0x00000000a0000000,0x00000000a4806320,0x00000000bba00000)
 Metaspace       used 98612K, capacity 102404K, committed 104064K, reserved 1138688K
  class space    used 12862K, capacity 13585K, committed 13952K, reserved 1048576K
}
Event: 218.034 GC heap before
{Heap before GC invocations=22 (full 4):
 PSYoungGen      total 217088K, used 185570K [0x00000000e0000000, 0x00000000f1f00000, 0x0000000100000000)
  eden space 155648K, 100% used [0x00000000e0000000,0x00000000e9800000,0x00000000e9800000)
  from space 61440K, 48% used [0x00000000e9800000,0x00000000eb538ac0,0x00000000ed400000)
  to   space 59904K, 0% used [0x00000000ee480000,0x00000000ee480000,0x00000000f1f00000)
 ParOldGen       total 452608K, used 73752K [0x00000000a0000000, 0x00000000bba00000, 0x00000000e0000000)
  object space 452608K, 16% used [0x00000000a0000000,0x00000000a4806320,0x00000000bba00000)
 Metaspace       used 99297K, capacity 103248K, committed 104576K, reserved 1140736K
  class space    used 12904K, capacity 13693K, committed 13952K, reserved 1048576K
Event: 218.047 GC heap after
Heap after GC invocations=22 (full 4):
 PSYoungGen      total 227840K, used 37010K [0x00000000e0000000, 0x00000000f1c80000, 0x0000000100000000)
  eden space 170496K, 0% used [0x00000000e0000000,0x00000000e0000000,0x00000000ea680000)
  from space 57344K, 64% used [0x00000000ee480000,0x00000000f08a4820,0x00000000f1c80000)
  to   space 60416K, 0% used [0x00000000ea680000,0x00000000ea680000,0x00000000ee180000)
 ParOldGen       total 452608K, used 73760K [0x00000000a0000000, 0x00000000bba00000, 0x00000000e0000000)
  object space 452608K, 16% used [0x00000000a0000000,0x00000000a4808320,0x00000000bba00000)
 Metaspace       used 99297K, capacity 103248K, committed 104576K, reserved 1140736K
  class space    used 12904K, capacity 13693K, committed 13952K, reserved 1048576K
}
Event: 219.310 GC heap before
{Heap before GC invocations=23 (full 4):
 PSYoungGen      total 227840K, used 207506K [0x00000000e0000000, 0x00000000f1c80000, 0x0000000100000000)
  eden space 170496K, 100% used [0x00000000e0000000,0x00000000ea680000,0x00000000ea680000)
  from space 57344K, 64% used [0x00000000ee480000,0x00000000f08a4820,0x00000000f1c80000)
  to   space 60416K, 0% used [0x00000000ea680000,0x00000000ea680000,0x00000000ee180000)
 ParOldGen       total 452608K, used 73760K [0x00000000a0000000, 0x00000000bba00000, 0x00000000e0000000)
  object space 452608K, 16% used [0x00000000a0000000,0x00000000a4808320,0x00000000bba00000)
 Metaspace       used 105530K, capacity 109570K, committed 110976K, reserved 1144832K
  class space    used 13599K, capacity 14368K, committed 14720K, reserved 1048576K
Event: 219.326 GC heap after
Heap after GC invocations=23 (full 4):
 PSYoungGen      total 230912K, used 40255K [0x00000000e0000000, 0x00000000f3080000, 0x0000000100000000)
  eden space 170496K, 0% used [0x00000000e0000000,0x00000000e0000000,0x00000000ea680000)
  from space 60416K, 66% used [0x00000000ea680000,0x00000000ecdcfe80,0x00000000ee180000)
  to   space 61952K, 0% used [0x00000000ef400000,0x00000000ef400000,0x00000000f3080000)
 ParOldGen       total 452608K, used 73768K [0x00000000a0000000, 0x00000000bba00000, 0x00000000e0000000)
  object space 452608K, 16% used [0x00000000a0000000,0x00000000a480a320,0x00000000bba00000)
 Metaspace       used 105530K, capacity 109570K, committed 110976K, reserved 1144832K
  class space    used 13599K, capacity 14368K, committed 14720K, reserved 1048576K
}
Event: 294.623 GC heap before
{Heap before GC invocations=24 (full 4):
 PSYoungGen      total 230912K, used 210751K [0x00000000e0000000, 0x00000000f3080000, 0x0000000100000000)
  eden space 170496K, 100% used [0x00000000e0000000,0x00000000ea680000,0x00000000ea680000)
  from space 60416K, 66% used [0x00000000ea680000,0x00000000ecdcfe80,0x00000000ee180000)
  to   space 61952K, 0% used [0x00000000ef400000,0x00000000ef400000,0x00000000f3080000)
 ParOldGen       total 452608K, used 73768K [0x00000000a0000000, 0x00000000bba00000, 0x00000000e0000000)
  object space 452608K, 16% used [0x00000000a0000000,0x00000000a480a320,0x00000000bba00000)
 Metaspace       used 106204K, capacity 110328K, committed 111488K, reserved 1146880K
  class space    used 13632K, capacity 14429K, committed 14720K, reserved 1048576K
Event: 294.638 GC heap after
Heap after GC invocations=24 (full 4):
 PSYoungGen      total 244736K, used 38022K [0x00000000e0000000, 0x00000000f2e80000, 0x0000000100000000)
  eden space 184832K, 0% used [0x00000000e0000000,0x00000000e0000000,0x00000000eb480000)
  from space 59904K, 63% used [0x00000000ef400000,0x00000000f19218e8,0x00000000f2e80000)
  to   space 62464K, 0% used [0x00000000eb480000,0x00000000eb480000,0x00000000ef180000)
 ParOldGen       total 452608K, used 73776K [0x00000000a0000000, 0x00000000bba00000, 0x00000000e0000000)
  object space 452608K, 16% used [0x00000000a0000000,0x00000000a480c320,0x00000000bba00000)
 Metaspace       used 106204K, capacity 110328K, committed 111488K, reserved 1146880K
  class space    used 13632K, capacity 14429K, committed 14720K, reserved 1048576K
}

Deoptimization events (10 events):
Event: 219.390 Thread 0x0000000021278000 Uncommon trap: reason=array_check action=maybe_recompile pc=0x0000000003c871e8 method=java.util.TimSort.reverseRange([Ljava/lang/Object;II)V @ 27
Event: 219.390 Thread 0x0000000021278000 Uncommon trap: reason=array_check action=maybe_recompile pc=0x0000000003c871e8 method=java.util.TimSort.reverseRange([Ljava/lang/Object;II)V @ 27
Event: 219.390 Thread 0x0000000021278000 Uncommon trap: reason=array_check action=maybe_recompile pc=0x00000000044bb15c method=java.util.TimSort.reverseRange([Ljava/lang/Object;II)V @ 27
Event: 219.661 Thread 0x0000000021279000 Uncommon trap: reason=class_check action=maybe_recompile pc=0x00000000034c4a38 method=com.android.tools.build.apkzlib.zip.ZipField.checkVerifiesInvariants(J)V @ 25
Event: 219.665 Thread 0x0000000021279000 Uncommon trap: reason=class_check action=maybe_recompile pc=0x00000000031564f8 method=java.util.zip.InflaterInputStream.read([BII)I @ 100
Event: 219.676 Thread 0x0000000021279000 Uncommon trap: reason=class_check action=maybe_recompile pc=0x00000000034c4a38 method=com.android.tools.build.apkzlib.zip.ZipField.checkVerifiesInvariants(J)V @ 25
Event: 294.182 Thread 0x000000001ead9800 Uncommon trap: reason=unstable_if action=reinterpret pc=0x00000000045a5628 method=java.util.concurrent.ConcurrentHashMap.putVal(Ljava/lang/Object;Ljava/lang/Object;Z)Ljava/lang/Object; @ 113
Event: 294.306 Thread 0x000000001ead6800 Uncommon trap: reason=unstable_if action=reinterpret pc=0x00000000054fae58 method=com.google.common.cache.LongAdder.add(J)V @ 95
Event: 294.930 Thread 0x0000000022a5e800 Uncommon trap: reason=unstable_if action=reinterpret pc=0x000000000596d6b4 method=org.sqlite.SQLiteJDBCLoader.contentsEquals(Ljava/io/InputStream;Ljava/io/InputStream;)Z @ 39
Event: 294.998 Thread 0x0000000022a5e800 Uncommon trap: reason=unstable_if action=reinterpret pc=0x0000000003c488c0 method=org.antlr.v4.runtime.atn.ATNState.addTransition(ILorg/antlr/v4/runtime/atn/Transition;)V @ 115

Classes redefined (0 events):
No events

Internal exceptions (10 events):
Event: 94.020 Thread 0x0000000022a5a800 Exception <a 'sun/nio/fs/WindowsException'> (0x00000000e22abbc8) thrown at [D:\src\AOSP-openjdk-cygwin\jdk8u\hotspot\src\share\vm\prims\jni.cpp, line 710]
Event: 94.148 Thread 0x0000000028217000 Exception <a 'sun/nio/fs/WindowsException'> (0x00000000e2d84108) thrown at [D:\src\AOSP-openjdk-cygwin\jdk8u\hotspot\src\share\vm\prims\jni.cpp, line 710]
Event: 218.530 Thread 0x0000000028220800 Exception <a 'java/lang/NullPointerException'> (0x00000000e45aa5e8) thrown at [D:\src\AOSP-openjdk-cygwin\jdk8u\hotspot\src\share\vm\interpreter\linkResolver.cpp, line 1185]
Event: 219.363 Thread 0x0000000021278000 Exception <a 'sun/nio/fs/WindowsException'> (0x00000000e13f2e80) thrown at [D:\src\AOSP-openjdk-cygwin\jdk8u\hotspot\src\share\vm\prims\jni.cpp, line 710]
Event: 219.392 Thread 0x0000000021278000 Exception <a 'sun/nio/fs/WindowsException'> (0x00000000e17db790) thrown at [D:\src\AOSP-openjdk-cygwin\jdk8u\hotspot\src\share\vm\prims\jni.cpp, line 710]
Event: 219.393 Thread 0x0000000021278000 Exception <a 'sun/nio/fs/WindowsException'> (0x00000000e1863850) thrown at [D:\src\AOSP-openjdk-cygwin\jdk8u\hotspot\src\share\vm\prims\jni.cpp, line 710]
Event: 219.586 Thread 0x0000000021271800 Exception <a 'sun/nio/fs/WindowsException'> (0x00000000e22fc218) thrown at [D:\src\AOSP-openjdk-cygwin\jdk8u\hotspot\src\share\vm\prims\jni.cpp, line 710]
Event: 219.637 Thread 0x000000002127e800 Exception <a 'sun/nio/fs/WindowsException'> (0x00000000e330c050) thrown at [D:\src\AOSP-openjdk-cygwin\jdk8u\hotspot\src\share\vm\prims\jni.cpp, line 710]
Event: 219.732 Thread 0x0000000022a53000 Exception <a 'sun/nio/fs/WindowsException'> (0x00000000e3bedce8) thrown at [D:\src\AOSP-openjdk-cygwin\jdk8u\hotspot\src\share\vm\prims\jni.cpp, line 710]
Event: 295.135 Thread 0x0000000022a5e800 Exception <a 'java/lang/NullPointerException'> (0x00000000e4762440) thrown at [D:\src\AOSP-openjdk-cygwin\jdk8u\hotspot\src\share\vm\interpreter\linkResolver.cpp, line 1185]

Events (10 events):
Event: 295.137 loading class com/google/common/collect/FluentIterable$1
Event: 295.137 loading class com/google/common/collect/FluentIterable$1 done
Event: 295.138 loading class com/google/common/collect/FluentIterable$2
Event: 295.138 loading class com/google/common/collect/FluentIterable$2 done
Event: 295.139 Executing VM operation: ForceSafepoint
Event: 295.139 Executing VM operation: ForceSafepoint done
Event: 295.170 Thread 0x0000000022a5e800 DEOPT PACKING pc=0x0000000004835eb9 sp=0x000000002708a690
Event: 295.170 Thread 0x0000000022a5e800 DEOPT UNPACKING pc=0x0000000002c875d0 sp=0x000000002708a3c0 mode 0
Event: 295.170 Thread 0x0000000022a5e800 DEOPT PACKING pc=0x0000000004a57777 sp=0x000000002708a3f0
Event: 295.170 Thread 0x0000000022a5e800 DEOPT UNPACKING pc=0x0000000002c875d0 sp=0x000000002708a198 mode 0


Dynamic libraries:
0x00007ff709730000 - 0x00007ff709761000 	D:\Program Files\Android\Android Studio\jre\bin\java.exe
0x00007ffac0840000 - 0x00007ffac0a30000 	C:\WINDOWS\SYSTEM32\ntdll.dll
0x00007ffabf310000 - 0x00007ffabf3c2000 	C:\WINDOWS\System32\KERNEL32.DLL
0x00007ffabe4f0000 - 0x00007ffabe793000 	C:\WINDOWS\System32\KERNELBASE.dll
0x00007ffabf5a0000 - 0x00007ffabf643000 	C:\WINDOWS\System32\ADVAPI32.dll
0x00007ffabf650000 - 0x00007ffabf6ee000 	C:\WINDOWS\System32\msvcrt.dll
0x00007ffabfa70000 - 0x00007ffabfb07000 	C:\WINDOWS\System32\sechost.dll
0x00007ffabef50000 - 0x00007ffabf070000 	C:\WINDOWS\System32\RPCRT4.dll
0x00007ffabf400000 - 0x00007ffabf594000 	C:\WINDOWS\System32\USER32.dll
0x00007ffabd7d0000 - 0x00007ffabd7f1000 	C:\WINDOWS\System32\win32u.dll
0x00007ffabf3d0000 - 0x00007ffabf3f6000 	C:\WINDOWS\System32\GDI32.dll
0x00007ffabe2f0000 - 0x00007ffabe484000 	C:\WINDOWS\System32\gdi32full.dll
0x00007ffabe0d0000 - 0x00007ffabe16e000 	C:\WINDOWS\System32\msvcp_win.dll
0x00007ffabd800000 - 0x00007ffabd8fa000 	C:\WINDOWS\System32\ucrtbase.dll
0x00007ffaae8c0000 - 0x00007ffaaeb45000 	C:\WINDOWS\WinSxS\amd64_microsoft.windows.common-controls_6595b64144ccf1df_6.0.18362.418_none_e6c6b287130d565d\COMCTL32.dll
0x00007ffac04c0000 - 0x00007ffac07f6000 	C:\WINDOWS\System32\combase.dll
0x00007ffabe270000 - 0x00007ffabe2f0000 	C:\WINDOWS\System32\bcryptPrimitives.dll
0x00007ffac0330000 - 0x00007ffac035e000 	C:\WINDOWS\System32\IMM32.DLL
0x000000006b850000 - 0x000000006b922000 	D:\Program Files\Android\Android Studio\jre\jre\bin\msvcr100.dll
0x000000006ba10000 - 0x000000006c256000 	D:\Program Files\Android\Android Studio\jre\jre\bin\server\jvm.dll
0x00007ffabf160000 - 0x00007ffabf168000 	C:\WINDOWS\System32\PSAPI.DLL
0x00007ffaa6eb0000 - 0x00007ffaa6eb9000 	C:\WINDOWS\SYSTEM32\WSOCK32.dll
0x00007ffabf170000 - 0x00007ffabf1df000 	C:\WINDOWS\System32\WS2_32.dll
0x00007ffab75f0000 - 0x00007ffab7614000 	C:\WINDOWS\SYSTEM32\WINMM.dll
0x00007ffab68c0000 - 0x00007ffab68ca000 	C:\WINDOWS\SYSTEM32\VERSION.dll
0x00007ffab7e90000 - 0x00007ffab7ebd000 	C:\WINDOWS\SYSTEM32\winmmbase.dll
0x00007ffabe080000 - 0x00007ffabe0ca000 	C:\WINDOWS\System32\cfgmgr32.dll
0x00007ffab7220000 - 0x00007ffab722f000 	D:\Program Files\Android\Android Studio\jre\jre\bin\verify.dll
0x00007ffaac110000 - 0x00007ffaac139000 	D:\Program Files\Android\Android Studio\jre\jre\bin\java.dll
0x00007ffaabfc0000 - 0x00007ffaabfd6000 	D:\Program Files\Android\Android Studio\jre\jre\bin\zip.dll
0x00007ffabfb10000 - 0x00007ffac01f5000 	C:\WINDOWS\System32\SHELL32.dll
0x00007ffabed60000 - 0x00007ffabee09000 	C:\WINDOWS\System32\shcore.dll
0x00007ffabd900000 - 0x00007ffabe07f000 	C:\WINDOWS\System32\windows.storage.dll
0x00007ffabd740000 - 0x00007ffabd75f000 	C:\WINDOWS\System32\profapi.dll
0x00007ffabd780000 - 0x00007ffabd7ca000 	C:\WINDOWS\System32\powrprof.dll
0x00007ffabd710000 - 0x00007ffabd720000 	C:\WINDOWS\System32\UMPDC.dll
0x00007ffabf750000 - 0x00007ffabf7a2000 	C:\WINDOWS\System32\shlwapi.dll
0x00007ffabd720000 - 0x00007ffabd731000 	C:\WINDOWS\System32\kernel.appcore.dll
0x00007ffabe1a0000 - 0x00007ffabe1b7000 	C:\WINDOWS\System32\cryptsp.dll
0x00007ffaabf80000 - 0x00007ffaabf9a000 	D:\Program Files\Android\Android Studio\jre\jre\bin\net.dll
0x00007ffabcf80000 - 0x00007ffabcfe7000 	C:\WINDOWS\system32\mswsock.dll
0x00007ffaabf60000 - 0x00007ffaabf71000 	D:\Program Files\Android\Android Studio\jre\jre\bin\nio.dll
0x00007ffab7b30000 - 0x00007ffab7b56000 	C:\Users\yolti\.gradle\native\29\windows-amd64\native-platform.dll
0x00007ffab6430000 - 0x00007ffab643d000 	D:\Program Files\Android\Android Studio\jre\jre\bin\management.dll
0x00007ffabcaf0000 - 0x00007ffabcb23000 	C:\WINDOWS\system32\rsaenh.dll
0x00007ffabe170000 - 0x00007ffabe196000 	C:\WINDOWS\System32\bcrypt.dll
0x00007ffabd630000 - 0x00007ffabd655000 	C:\WINDOWS\SYSTEM32\USERENV.dll
0x00007ffabd150000 - 0x00007ffabd15c000 	C:\WINDOWS\SYSTEM32\CRYPTBASE.dll
0x00007ffabcc90000 - 0x00007ffabccca000 	C:\WINDOWS\SYSTEM32\IPHLPAPI.DLL
0x00007ffabf7b0000 - 0x00007ffabf7b8000 	C:\WINDOWS\System32\NSI.dll
0x00007ffab6980000 - 0x00007ffab6996000 	C:\WINDOWS\SYSTEM32\dhcpcsvc6.DLL
0x00007ffab6930000 - 0x00007ffab694c000 	C:\WINDOWS\SYSTEM32\dhcpcsvc.DLL
0x00007ffabccd0000 - 0x00007ffabcd9a000 	C:\WINDOWS\SYSTEM32\DNSAPI.dll
0x0000000066e00000 - 0x0000000066f03000 	C:\Users\yolti\AppData\Local\Temp\room-32900947-7384-49eb-a7b5-da3121a614f8\sqlite-3.25.2-15c3c513-0ef9-4da0-a01f-d4cb5f15b3b9-sqlitejdbc.dll
0x0000000029660000 - 0x0000000029763000 	C:\Users\yolti\AppData\Local\Temp\room-209136ea-d420-4c70-8970-f4ce6af8893a\sqlite-3.25.2-5026c3c9-64d2-4f83-ac46-3f8787462316-sqlitejdbc.dll
0x000000002b370000 - 0x000000002b473000 	C:\Users\yolti\AppData\Local\Temp\room-b9e2d26d-5bb7-4925-89d5-aa8dfbfd4c99\sqlite-3.25.2-4d9dedcc-1a11-4ce7-96c5-8064e5b1bb6f-sqlitejdbc.dll

VM Arguments:
jvm_args: -Xmx1536m -Dfile.encoding=windows-1252 -Duser.country=US -Duser.language=en -Duser.variant 
java_command: org.gradle.launcher.daemon.bootstrap.GradleDaemon 5.4.1
java_class_path (initial): C:\Users\yolti\.gradle\wrapper\dists\gradle-5.4.1-all\3221gyojl5jsh0helicew7rwx\gradle-5.4.1\lib\gradle-launcher-5.4.1.jar
Launcher Type: SUN_STANDARD

Environment Variables:
JAVA_HOME=C:\Program Files\Java\jdk1.8.0_221
JRE_HOME=C:\Program Files\Java\jdk1.8.0_221\jre
CLASSPATH=C:\Program Files\struts-2.3.37\lib
PATH=C:\WINDOWS\system32;D:\Users\yolti\AppData\Local\Programs\Python\Python37\Scripts\;D:\Users\yolti\AppData\Local\Programs\Python\Python37\;C:\Program Files (x86)\Razer Chroma SDK\bin;C:\Program Files\Razer Chroma SDK\bin;C:\Windows\system32;C:\Windows;C:\Windows\System32\Wbem;C:\Windows\System32\WindowsPowerShell\v1.0\;C:\Program Files (x86)\NVIDIA Corporation\PhysX\Common;D:\Program Files\nodejs\;C:\Users\yolti\AppData\Local\Android\platforms;C:\Users\yolti\AppData\Local\Android\platform-tools;D:\Program Files (x86)\Brackets\command;D:\Program Files\MATLAB\R2019b\runtime\win64;D:\Program Files\MATLAB\R2019b\bin;D:\Program Files\MATLAB\R2018b\bin;C:\Program Files (x86)\Wolfram Research\WolframScript\;C:\WINDOWS\system32\config\systemprofile\AppData\Local\Microsoft\WindowsApps;C:\WINDOWS\system32;C:\WINDOWS;C:\WINDOWS\System32\Wbem;C:\WINDOWS\System32\WindowsPowerShell\v1.0\;C:\WINDOWS\System32\OpenSSH\;D:\Program Files\Git\cmd;D:\Program Files (x86)\QuickTime\QTSystem\;C:\Program Files\Intel\WiFi\bin\;C:\Program Files\Common Files\Intel\WirelessCommon\;C:\Program Files\PuTTY\;C:\Program Files (x86)\Firebird\Firebird_2_5\bin\;C:\Program Files\Java\jdk1.8.0_221;C:\Program Files (x86)\Intel\Intel(R) Management Engine Components\DAL;C:\Program Files\Intel\Intel(R) Management Engine Components\DAL;D:\Program Files\apache-maven-3.6.1\bin;C:\Program Files\Java\jdk1.8.0_221\jre;C:\WINDOWS;C:\WINDOWS\System32\Wbem;C:\WINDOWS\System32\WindowsPowerShell\v1.0\;C:\WINDOWS\System32\OpenSSH\;C:\Program Files\NVIDIA Corporation\NVIDIA NvDLISR;C:\Program Files\MySQL\MySQL Shell 8.0\bin\;D:\Users\yolti\AppData\Local\Programs\Microsoft VS Code\bin;C:\Users\yolti\AppData\Local\atom\bin;C:\Users\yolti\AppData\Local\GitHubDesktop\bin
USERNAME=Yoltic Cegal
OS=Windows_NT
PROCESSOR_IDENTIFIER=Intel64 Family 6 Model 158 Stepping 10, GenuineIntel



---------------  S Y S T E M  ---------------

OS: Windows 10.0 , 64 bit Build 18362 (10.0.18362.329)

CPU:total 12 (initial active 12) (6 cores per cpu, 2 threads per core) family 6 model 158 stepping 10, cmov, cx8, fxsr, mmx, sse, sse2, sse3, ssse3, sse4.1, sse4.2, popcnt, avx, avx2, aes, clmul, erms, 3dnowpref, lzcnt, ht, tsc, tscinvbit, bmi1, bmi2, adx

Memory: 4k page, physical 16566556k(3349224k free), swap 21809436k(6620k free)

vm_info: OpenJDK 64-Bit Server VM (25.202-b03) for windows-amd64 JRE (1.8.0_202-release-1483-b03), built by "builder" with MS VC++ 10.0 (VS2010)

time: Fri Oct 25 19:22:20 2019
timezone: Central Daylight Time (Mexico)
elapsed time: 295 seconds (0d 0h 4m 55s)

